mode: atomic
github.com/whisthq/whist/backend/core-go/metadata/environment.go:12.13,18.38 1 1
github.com/whisthq/whist/backend/core-go/metadata/environment.go:18.38,20.61 1 0
github.com/whisthq/whist/backend/core-go/metadata/environment.go:40.108,47.31 3 1
github.com/whisthq/whist/backend/core-go/metadata/environment.go:47.31,48.15 1 0
github.com/whisthq/whist/backend/core-go/metadata/environment.go:51.3,53.15 3 0
github.com/whisthq/whist/backend/core-go/metadata/environment.go:48.15,50.4 1 0
github.com/whisthq/whist/backend/core-go/metadata/environment.go:55.25,58.13 2 0
github.com/whisthq/whist/backend/core-go/metadata/environment.go:59.28,60.16 1 0
github.com/whisthq/whist/backend/core-go/metadata/environment.go:61.17,62.20 1 0
github.com/whisthq/whist/backend/core-go/metadata/environment.go:63.28,64.17 1 0
github.com/whisthq/whist/backend/core-go/metadata/environment.go:65.70,66.27 1 0
github.com/whisthq/whist/backend/core-go/metadata/environment.go:67.10,68.21 1 0
github.com/whisthq/whist/backend/core-go/metadata/environment.go:74.24,77.2 2 18
github.com/whisthq/whist/backend/core-go/metadata/environment.go:81.33,84.2 2 18
github.com/whisthq/whist/backend/core-go/metadata/environment.go:89.42,91.2 1 6
github.com/whisthq/whist/backend/core-go/metadata/environment.go:95.27,97.15 2 30
github.com/whisthq/whist/backend/core-go/metadata/environment.go:98.39,99.14 1 13
github.com/whisthq/whist/backend/core-go/metadata/environment.go:100.41,101.15 1 14
github.com/whisthq/whist/backend/core-go/metadata/environment.go:102.10,103.15 1 3
github.com/whisthq/whist/backend/core-go/metadata/environment.go:109.49,111.21 2 0
github.com/whisthq/whist/backend/core-go/metadata/environment.go:122.2,122.20 1 0
github.com/whisthq/whist/backend/core-go/metadata/environment.go:111.21,114.3 1 0
github.com/whisthq/whist/backend/core-go/metadata/environment.go:114.8,116.17 2 0
github.com/whisthq/whist/backend/core-go/metadata/environment.go:119.3,119.95 1 0
github.com/whisthq/whist/backend/core-go/metadata/environment.go:116.17,118.4 1 0
github.com/whisthq/whist/backend/core-go/metadata/metadata.go:10.28,12.2 1 0
github.com/whisthq/whist/backend/core-go/metadata/heroku/heroku.go:25.26,27.27 1 6
github.com/whisthq/whist/backend/core-go/metadata/heroku/heroku.go:31.2,31.38 1 6
github.com/whisthq/whist/backend/core-go/metadata/heroku/heroku.go:27.27,29.3 1 0
github.com/whisthq/whist/backend/core-go/metadata/heroku/heroku.go:32.23,33.28 1 1
github.com/whisthq/whist/backend/core-go/metadata/heroku/heroku.go:34.27,35.32 1 1
github.com/whisthq/whist/backend/core-go/metadata/heroku/heroku.go:36.24,37.29 1 1
github.com/whisthq/whist/backend/core-go/metadata/heroku/heroku.go:38.10,40.28 1 3
github.com/whisthq/whist/backend/core-go/metadata/heroku/heroku.go:46.45,48.2 1 0
github.com/whisthq/whist/backend/core-go/metadata/heroku/heroku.go:54.29,56.27 1 6
github.com/whisthq/whist/backend/core-go/metadata/heroku/heroku.go:60.2,60.38 1 6
github.com/whisthq/whist/backend/core-go/metadata/heroku/heroku.go:56.27,58.3 1 0
github.com/whisthq/whist/backend/core-go/metadata/heroku/heroku.go:61.23,62.28 1 1
github.com/whisthq/whist/backend/core-go/metadata/heroku/heroku.go:63.27,64.32 1 1
github.com/whisthq/whist/backend/core-go/metadata/heroku/heroku.go:65.24,66.29 1 1
github.com/whisthq/whist/backend/core-go/metadata/heroku/heroku.go:67.10,69.28 1 3
github.com/whisthq/whist/backend/core-go/metadata/heroku/heroku.go:75.51,77.2 1 0
github.com/whisthq/whist/backend/core-go/metadata/heroku/heroku.go:81.37,83.16 2 0
github.com/whisthq/whist/backend/core-go/metadata/heroku/heroku.go:86.2,86.39 1 0
github.com/whisthq/whist/backend/core-go/metadata/heroku/heroku.go:83.16,85.3 1 0
github.com/whisthq/whist/backend/core-go/subscriptions/connection.go:15.51,16.27 1 0
github.com/whisthq/whist/backend/core-go/subscriptions/connection.go:23.2,24.16 2 0
github.com/whisthq/whist/backend/core-go/subscriptions/connection.go:27.2,28.16 2 0
github.com/whisthq/whist/backend/core-go/subscriptions/connection.go:31.2,32.9 2 0
github.com/whisthq/whist/backend/core-go/subscriptions/connection.go:36.2,41.20 2 0
github.com/whisthq/whist/backend/core-go/subscriptions/connection.go:16.27,21.3 1 0
github.com/whisthq/whist/backend/core-go/subscriptions/connection.go:24.16,26.3 1 0
github.com/whisthq/whist/backend/core-go/subscriptions/connection.go:28.16,30.3 1 0
github.com/whisthq/whist/backend/core-go/subscriptions/connection.go:32.9,34.3 1 0
github.com/whisthq/whist/backend/core-go/subscriptions/subscriptions.go:19.92,23.34 3 3
github.com/whisthq/whist/backend/core-go/subscriptions/subscriptions.go:27.2,27.73 1 3
github.com/whisthq/whist/backend/core-go/subscriptions/subscriptions.go:31.2,34.71 3 3
github.com/whisthq/whist/backend/core-go/subscriptions/subscriptions.go:23.34,25.3 1 2
github.com/whisthq/whist/backend/core-go/subscriptions/subscriptions.go:27.73,29.3 1 0
github.com/whisthq/whist/backend/core-go/subscriptions/subscriptions.go:39.96,43.35 3 3
github.com/whisthq/whist/backend/core-go/subscriptions/subscriptions.go:47.2,47.39 1 3
github.com/whisthq/whist/backend/core-go/subscriptions/subscriptions.go:51.2,53.47 2 3
github.com/whisthq/whist/backend/core-go/subscriptions/subscriptions.go:43.35,45.3 1 2
github.com/whisthq/whist/backend/core-go/subscriptions/subscriptions.go:47.39,49.3 1 0
github.com/whisthq/whist/backend/core-go/subscriptions/subscriptions.go:58.93,62.35 3 3
github.com/whisthq/whist/backend/core-go/subscriptions/subscriptions.go:66.2,66.32 1 3
github.com/whisthq/whist/backend/core-go/subscriptions/subscriptions.go:70.2,72.35 2 3
github.com/whisthq/whist/backend/core-go/subscriptions/subscriptions.go:62.35,64.3 1 2
github.com/whisthq/whist/backend/core-go/subscriptions/subscriptions.go:66.32,68.3 1 0
github.com/whisthq/whist/backend/core-go/subscriptions/subscriptions.go:77.81,99.2 2 1
github.com/whisthq/whist/backend/core-go/subscriptions/subscriptions.go:103.63,123.2 2 1
github.com/whisthq/whist/backend/core-go/subscriptions/subscriptions.go:128.153,129.14 1 0
github.com/whisthq/whist/backend/core-go/subscriptions/subscriptions.go:135.2,143.12 4 0
github.com/whisthq/whist/backend/core-go/subscriptions/subscriptions.go:152.2,152.68 1 0
github.com/whisthq/whist/backend/core-go/subscriptions/subscriptions.go:166.2,169.12 3 0
github.com/whisthq/whist/backend/core-go/subscriptions/subscriptions.go:129.14,132.3 2 0
github.com/whisthq/whist/backend/core-go/subscriptions/subscriptions.go:143.12,149.3 3 0
github.com/whisthq/whist/backend/core-go/subscriptions/subscriptions.go:152.68,159.17 6 0
github.com/whisthq/whist/backend/core-go/subscriptions/subscriptions.go:162.3,162.48 1 0
github.com/whisthq/whist/backend/core-go/subscriptions/subscriptions.go:159.17,161.4 1 0
github.com/whisthq/whist/backend/core-go/subscriptions/client.go:47.43,51.16 3 0
github.com/whisthq/whist/backend/core-go/subscriptions/client.go:56.2,65.65 2 0
github.com/whisthq/whist/backend/core-go/subscriptions/client.go:70.2,70.12 1 0
github.com/whisthq/whist/backend/core-go/subscriptions/client.go:51.16,54.3 1 0
github.com/whisthq/whist/backend/core-go/subscriptions/client.go:65.65,68.4 2 0
github.com/whisthq/whist/backend/core-go/subscriptions/client.go:73.64,75.2 1 0
github.com/whisthq/whist/backend/core-go/subscriptions/client.go:77.77,79.2 1 0
github.com/whisthq/whist/backend/core-go/subscriptions/client.go:81.54,83.2 1 0
github.com/whisthq/whist/backend/core-go/subscriptions/client.go:85.58,87.2 1 0
github.com/whisthq/whist/backend/core-go/subscriptions/client.go:89.49,91.2 1 0
github.com/whisthq/whist/backend/core-go/subscriptions/client.go:93.55,95.2 1 0
github.com/whisthq/whist/backend/core-go/subscriptions/client.go:100.84,102.96 1 0
github.com/whisthq/whist/backend/core-go/subscriptions/client.go:138.2,138.16 1 0
github.com/whisthq/whist/backend/core-go/subscriptions/client.go:142.2,142.16 1 0
github.com/whisthq/whist/backend/core-go/subscriptions/client.go:102.96,103.17 1 0
github.com/whisthq/whist/backend/core-go/subscriptions/client.go:109.3,109.34 1 0
github.com/whisthq/whist/backend/core-go/subscriptions/client.go:135.3,135.13 1 0
github.com/whisthq/whist/backend/core-go/subscriptions/client.go:103.17,105.4 1 0
github.com/whisthq/whist/backend/core-go/subscriptions/client.go:110.22,113.18 2 0
github.com/whisthq/whist/backend/core-go/subscriptions/client.go:117.4,117.38 1 0
github.com/whisthq/whist/backend/core-go/subscriptions/client.go:122.23,125.18 2 0
github.com/whisthq/whist/backend/core-go/subscriptions/client.go:129.4,129.38 1 0
github.com/whisthq/whist/backend/core-go/subscriptions/client.go:113.18,115.5 1 0
github.com/whisthq/whist/backend/core-go/subscriptions/client.go:117.38,120.5 1 0
github.com/whisthq/whist/backend/core-go/subscriptions/client.go:125.18,127.5 1 0
github.com/whisthq/whist/backend/core-go/subscriptions/client.go:129.38,132.5 1 0
github.com/whisthq/whist/backend/core-go/subscriptions/client.go:138.16,140.3 1 0
github.com/whisthq/whist/backend/core-go/subscriptions/client.go:147.62,150.12 2 0
github.com/whisthq/whist/backend/core-go/subscriptions/client.go:150.12,153.3 2 0
github.com/whisthq/whist/backend/core-go/subscriptions/client.go:158.62,162.37 2 0
github.com/whisthq/whist/backend/core-go/subscriptions/client.go:173.2,178.22 3 0
github.com/whisthq/whist/backend/core-go/subscriptions/client.go:182.2,182.16 1 0
github.com/whisthq/whist/backend/core-go/subscriptions/client.go:191.2,192.12 2 0
github.com/whisthq/whist/backend/core-go/subscriptions/client.go:162.37,167.17 2 0
github.com/whisthq/whist/backend/core-go/subscriptions/client.go:167.17,170.4 2 0
github.com/whisthq/whist/backend/core-go/subscriptions/client.go:178.22,180.3 1 0
github.com/whisthq/whist/backend/core-go/subscriptions/client.go:182.16,188.3 2 0
github.com/whisthq/whist/backend/core-go/utils/concurrency.go:10.39,11.15 1 0
github.com/whisthq/whist/backend/core-go/utils/concurrency.go:11.15,12.10 1 0
github.com/whisthq/whist/backend/core-go/utils/concurrency.go:13.14,13.14 0 0
github.com/whisthq/whist/backend/core-go/utils/concurrency.go:14.11,14.11 0 0
github.com/whisthq/whist/backend/core-go/utils/constants.go:19.40,22.2 2 1
github.com/whisthq/whist/backend/core-go/utils/constants.go:25.38,28.2 2 1
github.com/whisthq/whist/backend/core-go/utils/debug.go:17.85,21.23 2 1
github.com/whisthq/whist/backend/core-go/utils/debug.go:28.2,30.12 2 1
github.com/whisthq/whist/backend/core-go/utils/debug.go:44.2,47.21 3 1
github.com/whisthq/whist/backend/core-go/utils/debug.go:21.23,26.3 4 3
github.com/whisthq/whist/backend/core-go/utils/debug.go:30.12,31.7 1 1
github.com/whisthq/whist/backend/core-go/utils/debug.go:31.7,34.11 2 4
github.com/whisthq/whist/backend/core-go/utils/debug.go:35.24,36.11 1 1
github.com/whisthq/whist/backend/core-go/utils/debug.go:38.19,39.17 1 3
github.com/whisthq/whist/backend/core-go/utils/filesystem.go:34.119,35.37 1 2
github.com/whisthq/whist/backend/core-go/utils/filesystem.go:38.2,41.20 3 2
github.com/whisthq/whist/backend/core-go/utils/filesystem.go:49.2,49.55 1 2
github.com/whisthq/whist/backend/core-go/utils/filesystem.go:53.2,53.103 1 2
github.com/whisthq/whist/backend/core-go/utils/filesystem.go:57.2,57.12 1 1
github.com/whisthq/whist/backend/core-go/utils/filesystem.go:35.37,37.3 1 0
github.com/whisthq/whist/backend/core-go/utils/filesystem.go:41.20,43.17 2 2
github.com/whisthq/whist/backend/core-go/utils/filesystem.go:46.3,46.24 1 2
github.com/whisthq/whist/backend/core-go/utils/filesystem.go:43.17,45.4 1 0
github.com/whisthq/whist/backend/core-go/utils/filesystem.go:49.55,51.3 1 0
github.com/whisthq/whist/backend/core-go/utils/filesystem.go:53.103,55.3 1 1
github.com/whisthq/whist/backend/core-go/utils/filesystem.go:61.138,65.6 2 2
github.com/whisthq/whist/backend/core-go/utils/filesystem.go:65.6,66.10 1 2
github.com/whisthq/whist/backend/core-go/utils/filesystem.go:67.18,68.35 1 1
github.com/whisthq/whist/backend/core-go/utils/filesystem.go:70.32,71.11 1 0
github.com/whisthq/whist/backend/core-go/utils/filesystem.go:76.4,76.47 1 0
github.com/whisthq/whist/backend/core-go/utils/filesystem.go:78.33,79.11 1 1
github.com/whisthq/whist/backend/core-go/utils/filesystem.go:83.4,85.77 2 1
github.com/whisthq/whist/backend/core-go/utils/filesystem.go:71.11,73.5 1 0
github.com/whisthq/whist/backend/core-go/utils/filesystem.go:79.11,81.5 1 0
github.com/whisthq/whist/backend/core-go/utils/filesystem.go:85.77,87.5 1 1
github.com/whisthq/whist/backend/core-go/utils/filesystem.go:93.60,95.66 1 0
github.com/whisthq/whist/backend/core-go/utils/filesystem.go:99.2,100.16 2 0
github.com/whisthq/whist/backend/core-go/utils/filesystem.go:104.2,106.12 2 0
github.com/whisthq/whist/backend/core-go/utils/filesystem.go:95.66,97.3 1 0
github.com/whisthq/whist/backend/core-go/utils/filesystem.go:100.16,102.3 1 0
github.com/whisthq/whist/backend/core-go/utils/memoize.go:10.78,13.32 3 0
github.com/whisthq/whist/backend/core-go/utils/memoize.go:13.32,14.13 1 0
github.com/whisthq/whist/backend/core-go/utils/memoize.go:17.3,18.17 2 0
github.com/whisthq/whist/backend/core-go/utils/memoize.go:21.3,23.27 3 0
github.com/whisthq/whist/backend/core-go/utils/memoize.go:14.13,16.4 1 0
github.com/whisthq/whist/backend/core-go/utils/memoize.go:18.17,20.4 1 0
github.com/whisthq/whist/backend/core-go/utils/slices.go:4.63,5.26 1 2
github.com/whisthq/whist/backend/core-go/utils/slices.go:10.2,10.14 1 1
github.com/whisthq/whist/backend/core-go/utils/slices.go:5.26,6.15 1 5
github.com/whisthq/whist/backend/core-go/utils/slices.go:6.15,8.4 1 1
github.com/whisthq/whist/backend/core-go/utils/slices.go:16.66,19.23 3 2
github.com/whisthq/whist/backend/core-go/utils/slices.go:27.2,27.11 1 2
github.com/whisthq/whist/backend/core-go/utils/slices.go:31.2,31.10 1 2
github.com/whisthq/whist/backend/core-go/utils/slices.go:19.23,20.22 1 5
github.com/whisthq/whist/backend/core-go/utils/slices.go:20.22,23.9 3 1
github.com/whisthq/whist/backend/core-go/utils/slices.go:27.11,30.3 2 1
github.com/whisthq/whist/backend/core-go/utils/strings.go:12.37,16.2 3 0
github.com/whisthq/whist/backend/core-go/utils/strings.go:20.74,22.20 2 0
github.com/whisthq/whist/backend/core-go/utils/strings.go:25.2,26.19 2 0
github.com/whisthq/whist/backend/core-go/utils/strings.go:29.2,30.33 2 0
github.com/whisthq/whist/backend/core-go/utils/strings.go:33.2,33.40 1 0
github.com/whisthq/whist/backend/core-go/utils/strings.go:22.20,24.3 1 0
github.com/whisthq/whist/backend/core-go/utils/strings.go:26.19,28.3 1 0
github.com/whisthq/whist/backend/core-go/utils/strings.go:30.33,32.3 1 0
github.com/whisthq/whist/backend/core-go/utils/strings.go:38.32,45.2 2 0
github.com/whisthq/whist/backend/core-go/utils/strings.go:53.54,55.2 1 6
github.com/whisthq/whist/backend/core-go/utils/strings.go:58.55,60.2 1 1
