mode: atomic
github.com/whisthq/whist/backend/core-go/metadata/environment.go:12.13,18.38 1 1
github.com/whisthq/whist/backend/core-go/metadata/environment.go:18.38,20.61 1 0
github.com/whisthq/whist/backend/core-go/metadata/environment.go:40.108,47.31 3 1
github.com/whisthq/whist/backend/core-go/metadata/environment.go:47.31,48.15 1 0
github.com/whisthq/whist/backend/core-go/metadata/environment.go:51.3,53.15 3 0
github.com/whisthq/whist/backend/core-go/metadata/environment.go:48.15,50.4 1 0
github.com/whisthq/whist/backend/core-go/metadata/environment.go:55.25,58.13 2 0
github.com/whisthq/whist/backend/core-go/metadata/environment.go:59.28,60.16 1 0
github.com/whisthq/whist/backend/core-go/metadata/environment.go:61.17,62.20 1 0
github.com/whisthq/whist/backend/core-go/metadata/environment.go:63.28,64.17 1 0
github.com/whisthq/whist/backend/core-go/metadata/environment.go:65.70,66.27 1 0
github.com/whisthq/whist/backend/core-go/metadata/environment.go:67.10,68.21 1 0
github.com/whisthq/whist/backend/core-go/metadata/environment.go:74.24,77.2 2 18
github.com/whisthq/whist/backend/core-go/metadata/environment.go:81.33,84.2 2 18
github.com/whisthq/whist/backend/core-go/metadata/environment.go:89.42,91.2 1 6
github.com/whisthq/whist/backend/core-go/metadata/environment.go:95.27,97.15 2 30
github.com/whisthq/whist/backend/core-go/metadata/environment.go:98.39,99.14 1 13
github.com/whisthq/whist/backend/core-go/metadata/environment.go:100.41,101.15 1 14
github.com/whisthq/whist/backend/core-go/metadata/environment.go:102.10,103.15 1 3
github.com/whisthq/whist/backend/core-go/metadata/environment.go:109.49,111.21 2 0
github.com/whisthq/whist/backend/core-go/metadata/environment.go:122.2,122.20 1 0
github.com/whisthq/whist/backend/core-go/metadata/environment.go:111.21,114.3 1 0
github.com/whisthq/whist/backend/core-go/metadata/environment.go:114.8,116.17 2 0
github.com/whisthq/whist/backend/core-go/metadata/environment.go:119.3,119.95 1 0
github.com/whisthq/whist/backend/core-go/metadata/environment.go:116.17,118.4 1 0
github.com/whisthq/whist/backend/core-go/metadata/metadata.go:10.28,12.2 1 0
github.com/whisthq/whist/backend/core-go/metadata/heroku/heroku.go:25.26,27.27 1 6
github.com/whisthq/whist/backend/core-go/metadata/heroku/heroku.go:31.2,31.38 1 6
github.com/whisthq/whist/backend/core-go/metadata/heroku/heroku.go:27.27,29.3 1 0
github.com/whisthq/whist/backend/core-go/metadata/heroku/heroku.go:32.23,33.28 1 1
github.com/whisthq/whist/backend/core-go/metadata/heroku/heroku.go:34.27,35.32 1 1
github.com/whisthq/whist/backend/core-go/metadata/heroku/heroku.go:36.24,37.29 1 1
github.com/whisthq/whist/backend/core-go/metadata/heroku/heroku.go:38.10,40.28 1 3
github.com/whisthq/whist/backend/core-go/metadata/heroku/heroku.go:46.45,48.2 1 0
github.com/whisthq/whist/backend/core-go/metadata/heroku/heroku.go:54.29,56.27 1 6
github.com/whisthq/whist/backend/core-go/metadata/heroku/heroku.go:60.2,60.38 1 6
github.com/whisthq/whist/backend/core-go/metadata/heroku/heroku.go:56.27,58.3 1 0
github.com/whisthq/whist/backend/core-go/metadata/heroku/heroku.go:61.23,62.28 1 1
github.com/whisthq/whist/backend/core-go/metadata/heroku/heroku.go:63.27,64.32 1 1
github.com/whisthq/whist/backend/core-go/metadata/heroku/heroku.go:65.24,66.29 1 1
github.com/whisthq/whist/backend/core-go/metadata/heroku/heroku.go:67.10,69.28 1 3
github.com/whisthq/whist/backend/core-go/metadata/heroku/heroku.go:75.51,77.2 1 0
github.com/whisthq/whist/backend/core-go/metadata/heroku/heroku.go:81.37,83.16 2 0
github.com/whisthq/whist/backend/core-go/metadata/heroku/heroku.go:86.2,86.39 1 0
github.com/whisthq/whist/backend/core-go/metadata/heroku/heroku.go:83.16,85.3 1 0
